<?xml version="1.0" encoding="UTF-8"?>
<!-- Generated by org.testng.reporters.JUnitXMLReporter -->
<testsuite ignored="0" hostname="DESKTOP-KKD2SSA" failures="0" tests="3" name="Test1" time="18.674" errors="0" timestamp="2025-03-05T11:55:37 IST">
  <testcase classname="testNGExecution.LaunchFaceBook" name="launchfacebook1" time="5.097"/>
  <testcase classname="testNGExecution.LaunchTwitter" name="launchTwitter1" time="8.168"/>
  <testcase classname="testNGExecution.LaunchInstagram" name="launchInstagram1" time="5.354"/>
</testsuite> <!-- Test1 -->
