<?xml version="1.0" encoding="UTF-8"?>
<!-- Generated by org.testng.reporters.JUnitXMLReporter -->
<testsuite ignored="0" hostname="DESKTOP-KKD2SSA" failures="0" tests="3" name="Test2" time="21.075" errors="0" timestamp="2025-03-05T11:55:40 IST">
  <testcase classname="testNGExecution.LaunchFaceBook" name="launchfacebook1" time="5.535"/>
  <testcase classname="testNGExecution.LaunchTwitter" name="launchTwitter1" time="9.739"/>
  <testcase classname="testNGExecution.LaunchInstagram" name="launchInstagram1" time="5.756"/>
</testsuite> <!-- Test2 -->
