<?xml version="1.0" encoding="UTF-8"?>
<!-- Generated by org.testng.reporters.JUnitXMLReporter -->
<testsuite ignored="0" hostname="DESKTOP-KKD2SSA" failures="1" tests="1" name="Test" time="18.335" errors="0" timestamp="2025-03-09T17:29:59 IST">
  <testcase classname="testNgListerners.ValidLogin" name="validLoginTestCase" time="2.8">
    <failure type="java.lang.NullPointerException" message="Cannot invoke &amp;quot;Object.toString()&amp;quot; because &amp;quot;cell&amp;quot; is null">
      <![CDATA[java.lang.NullPointerException: Cannot invoke "Object.toString()" because "cell" is null
at testNgListerners.Flib.readExcelData(Flib.java:26)
at testNgListerners.ValidLogin.validLoginTestCase(ValidLogin.java:18)
at java.base/java.util.ArrayList.forEach(ArrayList.java:1597)
... Removed 25 stack frames]]>
    </failure>
  </testcase> <!-- validLoginTestCase -->
</testsuite> <!-- Test -->
