<?xml version="1.0" encoding="UTF-8"?>
<testng-results ignored="0" total="1" passed="1" failed="0" skipped="0">
  <reporter-output>
  </reporter-output>
  <suite started-at="2025-03-20T11:35:27 IST" name="Default suite" finished-at="2025-03-20T11:35:59 IST" duration-ms="31527">
    <groups>
    </groups>
    <test started-at="2025-03-20T11:35:27 IST" name="Default test" finished-at="2025-03-20T11:35:59 IST" duration-ms="31527">
      <class name="testPackage.TC_ByeProduct_003_Test">
        <test-method is-config="true" signature="browserSetup()[pri:0, instance:testPackage.TC_ByeProduct_003_Test@158d2680]" started-at="2025-03-20T11:35:27 IST" name="browserSetup" finished-at="2025-03-20T11:35:41 IST" duration-ms="13912" status="PASS">
          <reporter-output>
          </reporter-output>
        </test-method> <!-- browserSetup -->
        <test-method is-config="true" signature="validLogin()[pri:0, instance:testPackage.TC_ByeProduct_003_Test@158d2680]" started-at="2025-03-20T11:35:41 IST" name="validLogin" finished-at="2025-03-20T11:35:46 IST" duration-ms="4588" status="PASS">
          <reporter-output>
          </reporter-output>
        </test-method> <!-- validLogin -->
        <test-method signature="byeProductFromCart()[pri:0, instance:testPackage.TC_ByeProduct_003_Test@158d2680]" started-at="2025-03-20T11:35:46 IST" name="byeProductFromCart" finished-at="2025-03-20T11:35:57 IST" duration-ms="11221" status="PASS">
          <reporter-output>
          </reporter-output>
        </test-method> <!-- byeProductFromCart -->
        <test-method is-config="true" signature="logout()[pri:0, instance:testPackage.TC_ByeProduct_003_Test@158d2680]" started-at="2025-03-20T11:35:57 IST" name="logout" finished-at="2025-03-20T11:35:58 IST" duration-ms="1225" status="PASS">
          <reporter-output>
          </reporter-output>
        </test-method> <!-- logout -->
        <test-method is-config="true" signature="browserTearDown()[pri:0, instance:testPackage.TC_ByeProduct_003_Test@158d2680]" started-at="2025-03-20T11:35:58 IST" name="browserTearDown" finished-at="2025-03-20T11:35:59 IST" duration-ms="528" status="PASS">
          <reporter-output>
          </reporter-output>
        </test-method> <!-- browserTearDown -->
      </class> <!-- testPackage.TC_ByeProduct_003_Test -->
    </test> <!-- Default test -->
  </suite> <!-- Default suite -->
</testng-results>
