<?xml version="1.0" encoding="UTF-8"?>
<testng-results ignored="0" total="1" passed="1" failed="0" skipped="0">
  <reporter-output>
  </reporter-output>
  <suite started-at="2025-03-11T12:25:40 IST" name="Default suite" finished-at="2025-03-11T12:25:52 IST" duration-ms="11641">
    <groups>
    </groups>
    <test started-at="2025-03-11T12:25:40 IST" name="Default test" finished-at="2025-03-11T12:25:52 IST" duration-ms="11641">
      <class name="testNGAssertion.ToUnderstandAssetion">
        <test-method signature="validLoginTC()[pri:0, instance:testNGAssertion.ToUnderstandAssetion@27ce24aa]" started-at="2025-03-11T12:25:40 IST" name="validLoginTC" finished-at="2025-03-11T12:25:52 IST" duration-ms="11549" status="PASS">
          <reporter-output>
          </reporter-output>
        </test-method> <!-- validLoginTC -->
      </class> <!-- testNGAssertion.ToUnderstandAssetion -->
    </test> <!-- Default test -->
  </suite> <!-- Default suite -->
</testng-results>
